app/build/intermediates/manifest_merge_blame_file/debug/manifest-merger-blame-debug-report.txt
1<?xml version="1.0" encoding="utf-8"?>
2<manifest xmlns:android="http://schemas.android.com/apk/res/android"
3    package="com.f08movies"
4    android:installLocation="auto"
5    android:versionCode="20"
6    android:versionName="2.0" >
7
8    <uses-sdk
9        android:minSdkVersion="23"
9-->src\main\AndroidManifest.xml
10        android:targetSdkVersion="33" />
10-->src\main\AndroidManifest.xml
11
12    <uses-permission android:name="android.permission.INTERNET" />
12-->src\main\AndroidManifest.xml:6:5-67
12-->src\main\AndroidManifest.xml:6:22-64
13    <uses-permission android:name="android.permission.READ_EXTERNAL_STORAGE" />
13-->src\main\AndroidManifest.xml:7:5-80
13-->src\main\AndroidManifest.xml:7:22-77
14    <uses-permission android:name="android.permission.WAKE_LOCK" />
14-->src\main\AndroidManifest.xml:8:5-68
14-->src\main\AndroidManifest.xml:8:22-65
15    <uses-permission android:name="android.permission.FOREGROUND_SERVICE" />
15-->src\main\AndroidManifest.xml:9:5-77
15-->src\main\AndroidManifest.xml:9:22-74
16    <uses-permission android:name="android.permission.QUICKBOOT_POWERON" />
16-->src\main\AndroidManifest.xml:10:5-76
16-->src\main\AndroidManifest.xml:10:22-73
17    <uses-permission android:name="android.permission.RECEIVE_BOOT_COMPLETED" />
17-->src\main\AndroidManifest.xml:11:5-81
17-->src\main\AndroidManifest.xml:11:22-78
18    <uses-permission android:name="android.permission.VIBRATE" />
18-->src\main\AndroidManifest.xml:12:5-66
18-->src\main\AndroidManifest.xml:12:22-63
19    <uses-permission android:name="com.android.launcher.permission.INSTALL_SHORTCUT" />
19-->src\main\AndroidManifest.xml:13:5-88
19-->src\main\AndroidManifest.xml:13:22-85
20    <uses-permission android:name="android.permission.ACCESS_WIFI_STATE" />
20-->src\main\AndroidManifest.xml:14:5-76
20-->src\main\AndroidManifest.xml:14:22-73
21    <uses-permission android:name="android.permission.MANAGE_EXTERNAL_STORAGE" />
21-->src\main\AndroidManifest.xml:15:5-82
21-->src\main\AndroidManifest.xml:15:22-79
22    <uses-permission android:name="android.permission.POST_NOTIFICATIONS" />
22-->src\main\AndroidManifest.xml:16:5-76
22-->src\main\AndroidManifest.xml:16:22-74
23    <uses-permission android:name="android.permission.REQUEST_INSTALL_PACKAGES" />
23-->src\main\AndroidManifest.xml:17:5-83
23-->src\main\AndroidManifest.xml:17:22-80
24    <uses-permission android:name="android.permission.WRITE_EXTERNAL_STORAGE" />
24-->src\main\AndroidManifest.xml:18:5-81
24-->src\main\AndroidManifest.xml:18:22-78
25    <uses-permission android:name="android.permission.ACCESS_NETWORK_STATE" />
25-->src\main\AndroidManifest.xml:19:5-79
25-->src\main\AndroidManifest.xml:19:22-76
26    <uses-permission android:name="android.permifControllerActivityssion.RECEIVE_BOOT_COMPLETED" />
26-->src\main\AndroidManifest.xml:20:5-100
26-->src\main\AndroidManifest.xml:20:22-97
27    <uses-permission android:name="android.permission.EXPAND_STATUS_BAR" />
27-->src\main\AndroidManifest.xml:21:5-76
27-->src\main\AndroidManifest.xml:21:22-73
28    <uses-permission android:name="android.permission.READ_PHONE_STATE" />
28-->src\main\AndroidManifest.xml:22:5-75
28-->src\main\AndroidManifest.xml:22:22-72
29    <uses-permission android:name="android.permission.MODIFY_AUDIO_SETTINGS" />
29-->src\main\AndroidManifest.xml:23:5-80
29-->src\main\AndroidManifest.xml:23:22-77
30    <uses-permission android:name="android.permission.READ_MEDIA_IMAGES" />
30-->src\main\AndroidManifest.xml:24:5-76
30-->src\main\AndroidManifest.xml:24:22-73
31    <uses-permission android:name="android.permission.READ_MEDIA_VIDEO" />
31-->src\main\AndroidManifest.xml:25:5-75
31-->src\main\AndroidManifest.xml:25:22-72
32    <uses-permission android:name="android.permission.READ_MEDIA_AUDIO" />
32-->src\main\AndroidManifest.xml:26:5-75
32-->src\main\AndroidManifest.xml:26:22-72
33    <uses-permission android:name="android.permission.PACKAGE_USAGE_STATS" />
33-->src\main\AndroidManifest.xml:28:5-30:47
33-->src\main\AndroidManifest.xml:29:9-62
34    <uses-permission android:name="android.permission.WRITE_EXTERNAL_STORAGE" />
34-->src\main\AndroidManifest.xml:18:5-81
34-->src\main\AndroidManifest.xml:18:22-78
35
36    <!--
37        Queries are required for API 30 and above when working with package manager. This is required
38        within this library since we use the package manager to determine which web browser to launch
39         to handle PayPal auth.
40    -->
41    <queries>
41-->[com.paypal.android:PayPalPartnerAuth:1.7.5] AndroidManifest.xml:17:5-25:15
42        <intent>
42-->[com.paypal.android:PayPalPartnerAuth:1.7.5] AndroidManifest.xml:18:9-24:18
43            <action android:name="android.intent.action.VIEW" />
43-->src\main\AndroidManifest.xml:115:17-69
43-->src\main\AndroidManifest.xml:115:25-66
44
45            <category android:name="android.intent.category.BROWSABLE" />
45-->src\main\AndroidManifest.xml:118:17-78
45-->src\main\AndroidManifest.xml:118:27-75
46
47            <data android:scheme="https" />
47-->src\main\AndroidManifest.xml:120:23-72
48        </intent>
49
50        <package android:name="com.google.android.gms.policy_cast_dynamite" /> <!-- Added to check if Chrome is installed for browser-based payment authentication (e.g. 3DS1). -->
50-->[com.google.android.gms:play-services-cast-framework:21.3.0] AndroidManifest.xml:15:9-79
50-->[com.google.android.gms:play-services-cast-framework:21.3.0] AndroidManifest.xml:15:18-76
51        <package android:name="com.android.chrome" /> <!-- Query Camera Packages -->
51-->[com.stripe:payments-core:20.8.0] AndroidManifest.xml:13:9-54
51-->[com.stripe:payments-core:20.8.0] AndroidManifest.xml:13:18-51
52        <intent>
52-->[com.github.dhaval2404:imagepicker:2.1] AndroidManifest.xml:12:9-14:18
53            <action android:name="android.media.action.IMAGE_CAPTURE" />
53-->[com.github.dhaval2404:imagepicker:2.1] AndroidManifest.xml:13:13-73
53-->[com.github.dhaval2404:imagepicker:2.1] AndroidManifest.xml:13:21-70
54        </intent> <!-- Query Open Document -->
55        <intent>
55-->[com.github.dhaval2404:imagepicker:2.1] AndroidManifest.xml:16:9-18:18
56            <action android:name="android.intent.action.OPEN_DOCUMENT_TREE" />
56-->[com.github.dhaval2404:imagepicker:2.1] AndroidManifest.xml:17:13-79
56-->[com.github.dhaval2404:imagepicker:2.1] AndroidManifest.xml:17:21-76
57        </intent>
58
59        <package android:name="com.appnext.core" />
59-->[com.appnext.sdk:core:2.7.1.473] AndroidManifest.xml:13:9-52
59-->[com.appnext.sdk:core:2.7.1.473] AndroidManifest.xml:13:18-49
60
61        <intent>
61-->[com.appnext.sdk:core:2.7.1.473] AndroidManifest.xml:15:9-17:18
62            <action android:name="android.intent.action.MAIN" />
62-->src\main\AndroidManifest.xml:161:17-69
62-->src\main\AndroidManifest.xml:161:25-66
63        </intent>
64
65        <package android:name="com.facebook.katana" /> <!-- End of browser content -->
65-->[com.facebook.android:facebook-common:15.2.0] AndroidManifest.xml:18:9-55
65-->[com.facebook.android:facebook-common:15.2.0] AndroidManifest.xml:18:18-52
66        <!-- For CustomTabsService -->
67        <intent>
67-->[com.google.android.gms:play-services-ads-lite:22.6.0] AndroidManifest.xml:47:9-49:18
68            <action android:name="android.support.customtabs.action.CustomTabsService" />
68-->[com.google.android.gms:play-services-ads-lite:22.6.0] AndroidManifest.xml:48:13-90
68-->[com.google.android.gms:play-services-ads-lite:22.6.0] AndroidManifest.xml:48:21-87
69        </intent>
70        <intent>
70-->[com.applovin:applovin-sdk:11.9.0] AndroidManifest.xml:12:9-14:18
71            <action android:name="com.applovin.am.intent.action.APPHUB_SERVICE" />
71-->[com.applovin:applovin-sdk:11.9.0] AndroidManifest.xml:13:13-83
71-->[com.applovin:applovin-sdk:11.9.0] AndroidManifest.xml:13:21-80
72        </intent>
73        <intent>
73-->[com.appodeal.ads.sdk:core:3.0.2] AndroidManifest.xml:21:9-27:18
74            <action android:name="android.intent.action.VIEW" />
74-->src\main\AndroidManifest.xml:115:17-69
74-->src\main\AndroidManifest.xml:115:25-66
75
76            <category android:name="android.intent.category.BROWSABLE" />
76-->src\main\AndroidManifest.xml:118:17-78
76-->src\main\AndroidManifest.xml:118:27-75
77
78            <data android:scheme="http" />
78-->src\main\AndroidManifest.xml:120:23-72
79        </intent>
80
81        <package android:name="com.android.vending" />
81-->[com.adcolony:sdk:4.8.0] AndroidManifest.xml:16:9-55
81-->[com.adcolony:sdk:4.8.0] AndroidManifest.xml:16:18-52
82        <package android:name="com.amazon.venezia" />
82-->[com.adcolony:sdk:4.8.0] AndroidManifest.xml:17:9-54
82-->[com.adcolony:sdk:4.8.0] AndroidManifest.xml:17:18-51
83        <package android:name="com.sec.android.app.samsungapps" />
83-->[com.adcolony:sdk:4.8.0] AndroidManifest.xml:18:9-67
83-->[com.adcolony:sdk:4.8.0] AndroidManifest.xml:18:18-64
84        <package android:name="com.huawei.appmarket" /> <!-- Needs to be explicitly declared on Android R+ -->
84-->[com.adcolony:sdk:4.8.0] AndroidManifest.xml:19:9-56
84-->[com.adcolony:sdk:4.8.0] AndroidManifest.xml:19:18-53
85        <package android:name="com.google.android.apps.maps" />
85-->[com.google.android.gms:play-services-maps:18.0.2] AndroidManifest.xml:33:9-64
85-->[com.google.android.gms:play-services-maps:18.0.2] AndroidManifest.xml:33:18-61
86
87        <intent>
87-->[ch.acra:acra-mail:5.9.0-rc2] AndroidManifest.xml:25:9-29:18
88            <action android:name="android.intent.action.SEND" />
88-->[ch.acra:acra-mail:5.9.0-rc2] AndroidManifest.xml:26:13-65
88-->[ch.acra:acra-mail:5.9.0-rc2] AndroidManifest.xml:26:21-62
89
90            <data android:mimeType="message/rfc822" />
91        </intent>
92        <intent>
92-->[ch.acra:acra-mail:5.9.0-rc2] AndroidManifest.xml:30:9-34:18
93            <action android:name="android.intent.action.SEND_MULTIPLE" />
93-->[ch.acra:acra-mail:5.9.0-rc2] AndroidManifest.xml:31:13-74
93-->[ch.acra:acra-mail:5.9.0-rc2] AndroidManifest.xml:31:21-71
94
95            <data android:mimeType="message/rfc822" />
96        </intent>
97        <intent>
97-->[ch.acra:acra-mail:5.9.0-rc2] AndroidManifest.xml:35:9-37:18
98            <action android:name="android.intent.action.SENDTO" />
98-->[ch.acra:acra-mail:5.9.0-rc2] AndroidManifest.xml:36:13-67
98-->[ch.acra:acra-mail:5.9.0-rc2] AndroidManifest.xml:36:21-64
99        </intent>
100
101        <package android:name="com.google.android.webview" />
101-->[io.bidmachine:ads:2.1.5] AndroidManifest.xml:17:9-62
101-->[io.bidmachine:ads:2.1.5] AndroidManifest.xml:17:18-59
102        <package android:name="com.android.webview" />
102-->[io.bidmachine:ads:2.1.5] AndroidManifest.xml:18:9-55
102-->[io.bidmachine:ads:2.1.5] AndroidManifest.xml:18:18-52
103    </queries>
104
105    <uses-permission android:name="com.google.android.gms.permission.AD_ID" />
105-->[com.unity3d.ads:unity-ads:4.9.2] AndroidManifest.xml:10:5-79
105-->[com.unity3d.ads:unity-ads:4.9.2] AndroidManifest.xml:10:22-76
106    <uses-permission android:name="com.android.vending.CHECK_LICENSE" />
106-->[com.github.javiersantos:PiracyChecker:1.2.7] AndroidManifest.xml:11:5-73
106-->[com.github.javiersantos:PiracyChecker:1.2.7] AndroidManifest.xml:11:22-70
107    <uses-permission android:name="android.permission.USE_BIOMETRIC" /> <!-- suppress DeprecatedClassUsageInspection -->
107-->[androidx.biometric:biometric:1.2.0-alpha03] AndroidManifest.xml:24:5-72
107-->[androidx.biometric:biometric:1.2.0-alpha03] AndroidManifest.xml:24:22-69
108    <uses-permission android:name="android.permission.USE_FINGERPRINT" />
108-->[androidx.biometric:biometric:1.2.0-alpha03] AndroidManifest.xml:27:5-74
108-->[androidx.biometric:biometric:1.2.0-alpha03] AndroidManifest.xml:27:22-71
109    <uses-permission android:name="android.permission.ACCESS_FINE_LOCATION" />
109-->[io.bidmachine:ads.networks.amazon:2.1.5.7] AndroidManifest.xml:14:5-79
109-->[io.bidmachine:ads.networks.amazon:2.1.5.7] AndroidManifest.xml:14:22-76
110    <uses-permission android:name="android.permission.ACCESS_COARSE_LOCATION" />
110-->[io.bidmachine:ads.networks.amazon:2.1.5.7] AndroidManifest.xml:15:5-81
110-->[io.bidmachine:ads.networks.amazon:2.1.5.7] AndroidManifest.xml:15:22-78
111    <uses-permission android:name="android.permission.ACCESS_ADSERVICES_AD_ID" />
111-->[com.google.android.gms:play-services-ads-lite:22.6.0] AndroidManifest.xml:27:5-82
111-->[com.google.android.gms:play-services-ads-lite:22.6.0] AndroidManifest.xml:27:22-79
112    <uses-permission android:name="android.permission.ACCESS_ADSERVICES_ATTRIBUTION" />
112-->[com.google.android.gms:play-services-ads-lite:22.6.0] AndroidManifest.xml:28:5-88
112-->[com.google.android.gms:play-services-ads-lite:22.6.0] AndroidManifest.xml:28:22-85
113    <uses-permission android:name="android.permission.ACCESS_ADSERVICES_TOPICS" />
113-->[com.google.android.gms:play-services-ads-lite:22.6.0] AndroidManifest.xml:29:5-83
113-->[com.google.android.gms:play-services-ads-lite:22.6.0] AndroidManifest.xml:29:22-80
114    <uses-permission android:name="com.applovin.array.apphub.permission.BIND_APPHUB_SERVICE" />
114-->[com.applovin:applovin-sdk:11.9.0] AndroidManifest.xml:20:5-96
114-->[com.applovin:applovin-sdk:11.9.0] AndroidManifest.xml:20:22-93
115
116    <uses-feature
116-->[com.my.tracker:mytracker-sdk:3.0.12] AndroidManifest.xml:13:5-15:36
117        android:name="android.hardware.sensor.light"
117-->[com.my.tracker:mytracker-sdk:3.0.12] AndroidManifest.xml:14:9-53
118        android:required="false" />
118-->[com.my.tracker:mytracker-sdk:3.0.12] AndroidManifest.xml:15:9-33
119    <uses-feature
119-->[com.my.tracker:mytracker-sdk:3.0.12] AndroidManifest.xml:16:5-18:36
120        android:name="android.hardware.sensor.compass"
120-->[com.my.tracker:mytracker-sdk:3.0.12] AndroidManifest.xml:17:9-55
121        android:required="false" />
121-->[com.my.tracker:mytracker-sdk:3.0.12] AndroidManifest.xml:18:9-33
122    <uses-feature
122-->[com.my.tracker:mytracker-sdk:3.0.12] AndroidManifest.xml:19:5-21:36
123        android:name="android.hardware.sensor.gyroscope"
123-->[com.my.tracker:mytracker-sdk:3.0.12] AndroidManifest.xml:20:9-57
124        android:required="false" />
124-->[com.my.tracker:mytracker-sdk:3.0.12] AndroidManifest.xml:21:9-33
125    <uses-feature
125-->[com.my.tracker:mytracker-sdk:3.0.12] AndroidManifest.xml:22:5-24:36
126        android:name="android.hardware.sensor.barometer"
126-->[com.my.tracker:mytracker-sdk:3.0.12] AndroidManifest.xml:23:9-57
127        android:required="false" />
127-->[com.my.tracker:mytracker-sdk:3.0.12] AndroidManifest.xml:24:9-33
128    <uses-feature
128-->[com.my.tracker:mytracker-sdk:3.0.12] AndroidManifest.xml:25:5-27:36
129        android:name="android.hardware.sensor.proximity"
129-->[com.my.tracker:mytracker-sdk:3.0.12] AndroidManifest.xml:26:9-57
130        android:required="false" />
130-->[com.my.tracker:mytracker-sdk:3.0.12] AndroidManifest.xml:27:9-33
131
132    <uses-permission android:name="com.google.android.finsky.permission.BIND_GET_INSTALL_REFERRER_SERVICE" /> <!-- Required by older versions of Google Play services to create IID tokens -->
132-->[com.google.android.gms:play-services-measurement:21.2.0] AndroidManifest.xml:26:5-110
132-->[com.google.android.gms:play-services-measurement:21.2.0] AndroidManifest.xml:26:22-107
133    <uses-permission android:name="com.google.android.c2dm.permission.RECEIVE" />
133-->[com.google.firebase:firebase-messaging:23.1.2] AndroidManifest.xml:28:5-82
133-->[com.google.firebase:firebase-messaging:23.1.2] AndroidManifest.xml:28:22-79
134
135    <uses-feature
135-->[com.google.android.gms:play-services-maps:18.0.2] AndroidManifest.xml:26:5-28:35
136        android:glEsVersion="0x00020000"
136-->[com.google.android.gms:play-services-maps:18.0.2] AndroidManifest.xml:27:9-41
137        android:required="true" />
137-->[com.google.android.gms:play-services-maps:18.0.2] AndroidManifest.xml:28:9-32
138
139    <permission
139-->[androidx.core:core:1.10.0] AndroidManifest.xml:22:5-24:47
140        android:name="com.f08movies.DYNAMIC_RECEIVER_NOT_EXPORTED_PERMISSION"
140-->[androidx.core:core:1.10.0] AndroidManifest.xml:23:9-81
141        android:protectionLevel="signature" />
141-->[androidx.core:core:1.10.0] AndroidManifest.xml:24:9-44
142
143    <uses-permission android:name="com.f08movies.DYNAMIC_RECEIVER_NOT_EXPORTED_PERMISSION" />
143-->[androidx.core:core:1.10.0] AndroidManifest.xml:26:5-97
143-->[androidx.core:core:1.10.0] AndroidManifest.xml:26:22-94
144
145    <application
145-->src\main\AndroidManifest.xml:34:5-516:19
146        android:name="com.f08movies.EasyPlexApp"
146-->src\main\AndroidManifest.xml:35:9-49
147        android:allowBackup="true"
147-->[tubi-loading-view-0.0.5.aar] AndroidManifest.xml:12:9-35
148        android:appComponentFactory="androidx.core.app.CoreComponentFactory"
148-->[androidx.core:core:1.10.0] AndroidManifest.xml:28:18-86
149        android:dataExtractionRules="@xml/data_extraction_rules"
149-->src\main\AndroidManifest.xml:48:9-65
150        android:debuggable="true"
151        android:extractNativeLibs="false"
152        android:fullBackupContent="true"
152-->src\main\AndroidManifest.xml:36:9-41
153        android:fullBackupOnly="true"
153-->src\main\AndroidManifest.xml:37:9-38
154        android:hardwareAccelerated="true"
154-->src\main\AndroidManifest.xml:38:9-43
155        android:icon="@drawable/mainlogo"
155-->src\main\AndroidManifest.xml:39:9-42
156        android:label="@string/app_name"
156-->src\main\AndroidManifest.xml:40:9-41
157        android:requestLegacyExternalStorage="true"
157-->src\main\AndroidManifest.xml:41:9-52
158        android:supportsRtl="true"
158-->src\main\AndroidManifest.xml:42:9-35
159        android:theme="@style/AppTheme"
159-->src\main\AndroidManifest.xml:43:9-40
160        android:usesCleartextTraffic="true" >
160-->src\main\AndroidManifest.xml:44:9-44
161        <activity
161-->src\main\AndroidManifest.xml:52:9-55:50
162            android:name="com.ironsource.sdk.controller.ControllerActivity"
162-->src\main\AndroidManifest.xml:53:13-76
163            android:configChanges="orientation|screenSize"
163-->src\main\AndroidManifest.xml:54:13-59
164            android:exported="false"
164-->[com.google.ads.mediation:ironsource:7.3.0.0] AndroidManifest.xml:13:13-37
165            android:hardwareAccelerated="true" />
165-->src\main\AndroidManifest.xml:55:13-47
166        <activity
166-->src\main\AndroidManifest.xml:56:9-61:64
167            android:name="com.ironsource.sdk.controller.InterstitialActivity"
167-->src\main\AndroidManifest.xml:57:13-78
168            android:configChanges="orientation|screenSize"
168-->src\main\AndroidManifest.xml:58:13-59
169            android:exported="false"
169-->[com.google.ads.mediation:ironsource:7.3.0.0] AndroidManifest.xml:18:13-37
170            android:hardwareAccelerated="true"
170-->src\main\AndroidManifest.xml:59:13-47
171            android:screenOrientation="behind"
171-->src\main\AndroidManifest.xml:60:13-47
172            android:theme="@android:style/Theme.Translucent" />
172-->src\main\AndroidManifest.xml:61:13-61
173        <activity
173-->src\main\AndroidManifest.xml:62:9-66:64
174            android:name="com.ironsource.sdk.controller.OpenUrlActivity"
174-->src\main\AndroidManifest.xml:63:13-73
175            android:configChanges="orientation|screenSize"
175-->src\main\AndroidManifest.xml:64:13-59
176            android:exported="false"
176-->[com.google.ads.mediation:ironsource:7.3.0.0] AndroidManifest.xml:24:13-37
177            android:hardwareAccelerated="true"
177-->src\main\AndroidManifest.xml:65:13-47
178            android:theme="@android:style/Theme.Translucent" />
178-->src\main\AndroidManifest.xml:66:13-61
179
180        <provider
181            android:name="com.ironsource.lifecycle.IronsourceLifecycleProvider"
181-->src\main\AndroidManifest.xml:69:13-80
182            android:authorities="com.f08movies.IronsourceLifecycleProvider" />
182-->src\main\AndroidManifest.xml:68:13-79
183        <provider
184            android:name="androidx.core.content.FileProvider"
184-->src\main\AndroidManifest.xml:72:13-62
185            android:authorities="com.f08movies.provider"
185-->src\main\AndroidManifest.xml:73:13-60
186            android:exported="false"
186-->src\main\AndroidManifest.xml:74:13-37
187            android:grantUriPermissions="true" >
187-->src\main\AndroidManifest.xml:75:13-47
188            <meta-data
188-->src\main\AndroidManifest.xml:76:13-78:57
189                android:name="android.support.FILE_PROVIDER_PATHS"
189-->src\main\AndroidManifest.xml:77:17-67
190                android:resource="@xml/provider_paths" />
190-->src\main\AndroidManifest.xml:78:17-55
191        </provider>
192        <provider
193            android:name="org.acra.attachment.AcraContentProvider"
193-->src\main\AndroidManifest.xml:85:13-67
194            android:authorities="com.f08movies.acra"
194-->src\main\AndroidManifest.xml:84:13-56
195            android:exported="false"
195-->src\main\AndroidManifest.xml:86:13-37
196            android:grantUriPermissions="true"
196-->src\main\AndroidManifest.xml:88:13-47
197            android:process=":acra" />
197-->src\main\AndroidManifest.xml:87:13-36
198
199        <meta-data
199-->src\main\AndroidManifest.xml:91:9-93:118
200            android:name="applovin.sdk.key"
200-->src\main\AndroidManifest.xml:92:13-44
201            android:value="_RNS2529hI_m_lS8-zOLSQGu3oTcSy9sS-0-yJxcCk2uhEf5QWsQDs1CzZlSaxb6_HUfdQZsKUaruHf3uK_zHu" />
201-->src\main\AndroidManifest.xml:93:13-115
202        <meta-data
202-->src\main\AndroidManifest.xml:95:9-97:37
203            android:name="applovin.sdk.verbose_logging"
203-->src\main\AndroidManifest.xml:96:13-56
204            android:value="false" />
204-->src\main\AndroidManifest.xml:97:13-34
205        <meta-data
205-->src\main\AndroidManifest.xml:100:9-102:55
206            android:name="com.facebook.sdk.ApplicationId"
206-->src\main\AndroidManifest.xml:101:13-58
207            android:value="@string/facebook_app_id" />
207-->src\main\AndroidManifest.xml:102:13-52
208        <meta-data
208-->src\main\AndroidManifest.xml:104:9-114
209            android:name="com.facebook.sdk.ClientToken"
209-->src\main\AndroidManifest.xml:104:20-63
210            android:value="@string/fb_login_protocol_scheme" />
210-->src\main\AndroidManifest.xml:104:64-112
211
212        <activity
212-->src\main\AndroidManifest.xml:107:9-110:38
213            android:name="com.facebook.FacebookActivity"
213-->src\main\AndroidManifest.xml:108:13-57
214            android:configChanges="keyboard|keyboardHidden|screenLayout|screenSize|orientation"
214-->src\main\AndroidManifest.xml:109:13-96
215            android:exported="true"
215-->src\main\AndroidManifest.xml:110:12-35
216            android:theme="@style/com_facebook_activity_theme" />
216-->[com.facebook.android:facebook-common:15.2.0] AndroidManifest.xml:25:13-63
217        <activity
217-->src\main\AndroidManifest.xml:111:9-122:20
218            android:name="com.facebook.CustomTabActivity"
218-->src\main\AndroidManifest.xml:112:13-58
219            android:exported="true" >
219-->src\main\AndroidManifest.xml:113:12-35
220            <intent-filter>
220-->src\main\AndroidManifest.xml:114:13-121:29
221                <action android:name="android.intent.action.VIEW" />
221-->src\main\AndroidManifest.xml:115:17-69
221-->src\main\AndroidManifest.xml:115:25-66
222
223                <category android:name="android.intent.category.DEFAULT" />
223-->src\main\AndroidManifest.xml:117:17-76
223-->src\main\AndroidManifest.xml:117:27-73
224                <category android:name="android.intent.category.BROWSABLE" />
224-->src\main\AndroidManifest.xml:118:17-78
224-->src\main\AndroidManifest.xml:118:27-75
225
226                <data android:scheme="@string/fb_login_protocol_scheme" />
226-->src\main\AndroidManifest.xml:120:23-72
227            </intent-filter>
228            <intent-filter>
228-->[com.facebook.android:facebook-common:15.2.0] AndroidManifest.xml:31:13-40:29
229                <action android:name="android.intent.action.VIEW" />
229-->src\main\AndroidManifest.xml:115:17-69
229-->src\main\AndroidManifest.xml:115:25-66
230
231                <category android:name="android.intent.category.DEFAULT" />
231-->src\main\AndroidManifest.xml:117:17-76
231-->src\main\AndroidManifest.xml:117:27-73
232                <category android:name="android.intent.category.BROWSABLE" />
232-->src\main\AndroidManifest.xml:118:17-78
232-->src\main\AndroidManifest.xml:118:27-75
233
234                <data
235                    android:host="cct.com.f08movies"
235-->src\main\AndroidManifest.xml:262:17-52
236                    android:scheme="fbconnect" />
236-->src\main\AndroidManifest.xml:120:23-72
237            </intent-filter>
238        </activity>
239
240        <meta-data
240-->src\main\AndroidManifest.xml:125:9-127:70
241            android:name="com.google.android.gms.ads.APPLICATION_ID"
241-->src\main\AndroidManifest.xml:126:13-69
242            android:value="ca-app-pub-9872131534783069~1697091792" />
242-->src\main\AndroidManifest.xml:127:13-67
243        <meta-data
243-->src\main\AndroidManifest.xml:130:9-132:41
244            android:name="com.startapp.sdk.APPLICATION_ID"
244-->src\main\AndroidManifest.xml:131:13-59
245            android:value="201975314" />
245-->src\main\AndroidManifest.xml:132:13-38
246        <meta-data
246-->src\main\AndroidManifest.xml:134:9-136:37
247            android:name="com.startapp.sdk.RETURN_ADS_ENABLED"
247-->src\main\AndroidManifest.xml:135:13-63
248            android:value="false" />
248-->src\main\AndroidManifest.xml:136:13-34
249
250        <activity
250-->src\main\AndroidManifest.xml:139:9-147:47
251            android:name="com.f08movies.ui.base.BaseActivity"
251-->src\main\AndroidManifest.xml:140:13-62
252            android:configChanges="orientation|screenSize|keyboardHidden"
252-->src\main\AndroidManifest.xml:141:13-74
253            android:exported="true"
253-->src\main\AndroidManifest.xml:145:13-36
254            android:hardwareAccelerated="true"
254-->src\main\AndroidManifest.xml:142:13-47
255            android:launchMode="singleTop"
255-->src\main\AndroidManifest.xml:144:13-43
256            android:screenOrientation="portrait"
256-->src\main\AndroidManifest.xml:143:13-49
257            android:theme="@style/AppTheme"
257-->src\main\AndroidManifest.xml:147:13-44
258            android:windowSoftInputMode="stateAlwaysHidden|adjustPan" />
258-->src\main\AndroidManifest.xml:146:13-70
259        <activity
259-->src\main\AndroidManifest.xml:151:9-166:20
260            android:name="com.f08movies.ui.player.cast.ExpandedControlsActivity"
260-->src\main\AndroidManifest.xml:152:13-81
261            android:configChanges="orientation|screenSize|screenLayout|keyboardHidden"
261-->src\main\AndroidManifest.xml:156:13-87
262            android:exported="true"
262-->src\main\AndroidManifest.xml:157:12-35
263            android:launchMode="singleTask"
263-->src\main\AndroidManifest.xml:153:13-44
264            android:persistent="true"
264-->src\main\AndroidManifest.xml:154:13-38
265            android:screenOrientation="portrait"
265-->src\main\AndroidManifest.xml:159:13-49
266            android:theme="@style/Theme.CastVideosDark" >
266-->src\main\AndroidManifest.xml:155:13-56
267            <intent-filter>
267-->src\main\AndroidManifest.xml:160:13-162:29
268                <action android:name="android.intent.action.MAIN" />
268-->src\main\AndroidManifest.xml:161:17-69
268-->src\main\AndroidManifest.xml:161:25-66
269            </intent-filter>
270
271            <meta-data
271-->src\main\AndroidManifest.xml:163:13-165:89
272                android:name="android.support.PARENT_ACTIVITY"
272-->src\main\AndroidManifest.xml:164:17-63
273                android:value="com.f08movies.ui.player.activities.EasyPlexMainPlayer" />
273-->src\main\AndroidManifest.xml:165:17-86
274        </activity>
275
276        <service
276-->src\main\AndroidManifest.xml:169:9-176:19
277            android:name="com.f08movies.ui.notifications.NotificationManager"
277-->src\main\AndroidManifest.xml:170:13-78
278            android:enabled="true"
278-->src\main\AndroidManifest.xml:171:13-35
279            android:exported="false" >
279-->src\main\AndroidManifest.xml:172:13-37
280            <intent-filter>
280-->src\main\AndroidManifest.xml:173:13-175:29
281                <action android:name="com.google.firebase.MESSAGING_EVENT" />
281-->src\main\AndroidManifest.xml:174:17-78
281-->src\main\AndroidManifest.xml:174:25-75
282            </intent-filter>
283        </service>
284
285        <meta-data
286            android:name="com.google.android.gms.cast.framework.OPTIONS_PROVIDER_CLASS_NAME"
286-->src\main\AndroidManifest.xml:179:13-93
287            android:value="com.f08movies.ui.player.cast.CastOptionsProvider" />
287-->src\main\AndroidManifest.xml:180:13-80
288        <meta-data
288-->src\main\AndroidManifest.xml:183:9-185:67
289            android:name="com.google.firebase.messaging.default_notification_icon"
289-->src\main\AndroidManifest.xml:184:13-83
290            android:resource="@drawable/notification_smal_size" />
290-->src\main\AndroidManifest.xml:185:13-64
291        <!--
292             Set color used with incoming notification messages. This is used when no color is set for the incoming
293             notification message. See README(https://goo.gl/6BKBk7) for more.
294        -->
295        <meta-data
295-->src\main\AndroidManifest.xml:188:9-190:53
296            android:name="com.google.firebase.messaging.default_notification_color"
296-->src\main\AndroidManifest.xml:189:13-84
297            android:resource="@color/colorAccent" />
297-->src\main\AndroidManifest.xml:190:13-50
298        <meta-data
298-->src\main\AndroidManifest.xml:193:9-195:36